<?xml version="1.0" encoding="utf-8" standalone="no"?>
<test-results xmlns:xsi="http://www.w3.org/2001/XMLSchema-instance" xsi:noNamespaceSchemaLocation="nunit_schema_2.5.xsd" name="Pester" total="23" errors="0" failures="0" not-run="0" inconclusive="0" ignored="0" skipped="0" invalid="0" date="2020-12-04" time="23:01:07">
  <environment os-version="4.19.128-microsoft-standard" user="root" clr-version="Unknown" nunit-version="2.5.8.0" platform="Linux" cwd="/app/spec" machine-name="d4344eacd591" user-domain="" />
  <culture-info current-culture="" current-uiculture="" />
  <test-suite type="TestFixture" name="Pester" executed="True" result="Success" success="True" time="12.5935" asserts="0" description="Pester">
    <results>
      <test-suite type="TestFixture" name="/app/spec/ubuntu.18.04.tests.ps1" executed="True" result="Success" success="True" time="12.5935" asserts="0" description="/app/spec/ubuntu.18.04.tests.ps1">
        <results>
          <test-suite type="TestFixture" name="installed dependencies" executed="True" result="Success" success="True" time="6.2274" asserts="0" description="installed dependencies">
            <results>
              <test-case description="has Octopus.Client installed " name="installed dependencies.has Octopus.Client installed " time="0.1059" asserts="0" success="True" result="Success" executed="True" />
              <test-case description="has dotnet installed" name="installed dependencies.has dotnet installed" time="0.1512" asserts="0" success="True" result="Success" executed="True" />
              <test-case description="has java installed" name="installed dependencies.has java installed" time="0.0672" asserts="0" success="True" result="Success" executed="True" />
              <test-case description="has az installed" name="installed dependencies.has az installed" time="1.8413" asserts="0" success="True" result="Success" executed="True" />
              <test-case description="has aws cli installed" name="installed dependencies.has aws cli installed" time="0.545" asserts="0" success="True" result="Success" executed="True" />
              <test-case description="has node installed" name="installed dependencies.has node installed" time="0.0149" asserts="0" success="True" result="Success" executed="True" />
              <test-case description="has kubectl installed" name="installed dependencies.has kubectl installed" time="0.0619" asserts="0" success="True" result="Success" executed="True" />
              <test-case description="has helm installed" name="installed dependencies.has helm installed" time="0.0618" asserts="0" success="True" result="Success" executed="True" />
              <test-case description="has terraform installed" name="installed dependencies.has terraform installed" time="1.11" asserts="0" success="True" result="Success" executed="True" />
              <test-case description="has python3 installed" name="installed dependencies.has python3 installed" time="0.0214" asserts="0" success="True" result="Success" executed="True" />
              <test-case description="has python2 installed" name="installed dependencies.has python2 installed" time="0.0139" asserts="0" success="True" result="Success" executed="True" />
              <test-case description="has gcloud installed" name="installed dependencies.has gcloud installed" time="0.567" asserts="0" success="True" result="Success" executed="True" />
              <test-case description="has octo installed" name="installed dependencies.has octo installed" time="0.2952" asserts="0" success="True" result="Success" executed="True" />
              <test-case description="has eksctl installed" name="installed dependencies.has eksctl installed" time="0.0555" asserts="0" success="True" result="Success" executed="True" />
              <test-case description="has ecs-cli installed" name="installed dependencies.has ecs-cli installed" time="0.0281" asserts="0" success="True" result="Success" executed="True" />
              <test-case description="has mvn installed" name="installed dependencies.has mvn installed" time="0.1858" asserts="0" success="True" result="Success" executed="True" />
              <test-case description="has gradle installed" name="installed dependencies.has gradle installed" time="0.6726" asserts="0" success="True" result="Success" executed="True" />
              <test-case description="has aws-iam-authenticator installed" name="installed dependencies.has aws-iam-authenticator installed" time="0.019" asserts="0" success="True" result="Success" executed="True" />
              <test-case description="has istioctl installed" name="installed dependencies.has istioctl installed" time="0.0837" asserts="0" success="True" result="Success" executed="True" />
              <test-case description="has linkerd installed" name="installed dependencies.has linkerd installed" time="0.0471" asserts="0" success="True" result="Success" executed="True" />
              <test-case description="has skopeo installed" name="installed dependencies.has skopeo installed" time="0.1068" asserts="0" success="True" result="Success" executed="True" />
              <test-case description="has umoci installed" name="installed dependencies.has umoci installed" time="0.0111" asserts="0" success="True" result="Success" executed="True" />
              <test-case description="should have installed powershell core" name="installed dependencies.should have installed powershell core" time="0.1103" asserts="0" success="True" result="Success" executed="True" />
            </results>
          </test-suite>
        </results>
      </test-suite>
    </results>
  </test-suite>
</test-results>